<?xml version="1.0" encoding="UTF-8"?>
<!-- Generated by org.testng.reporters.JUnitReportReporter -->
<testsuite hostname="DESKTOP-HOFS7QA" failures="0" tests="1" name="com.Tests.FirstTest" time="12.855" errors="0" timestamp="2023-10-26T15:42:31 IST" skipped="0">
  <testcase classname="com.Tests.FirstTest" name="testGoogle" time="12.855"/>
  <system-out/>
</testsuite> <!-- com.Tests.FirstTest -->
