<?xml version="1.0" encoding="UTF-8"?>
<!-- Generated by org.testng.reporters.JUnitReportReporter -->
<testsuite hostname="DESKTOP-HOFS7QA" failures="0" tests="1" name="com.Tests.NewTest" time="0.012" errors="0" timestamp="2023-10-28T15:55:53 IST" skipped="0">
  <testcase classname="com.Tests.NewTest" name="test3" time="0.012"/>
  <system-out/>
</testsuite> <!-- com.Tests.NewTest -->
