<?xml version="1.0" encoding="UTF-8"?>
<!-- Generated by org.testng.reporters.JUnitReportReporter -->
<testsuite hostname="DESKTOP-HOFS7QA" failures="0" tests="1" name="TestClass" time="0.017" errors="0" timestamp="2023-10-25T15:30:47 IST" skipped="0">
  <testcase classname="TestClass" name="test" time="0.017"/>
  <system-out/>
</testsuite> <!-- TestClass -->
