<?xml version="1.0" encoding="UTF-8"?>
<!-- Generated by org.testng.reporters.JUnitReportReporter -->
<testsuite hostname="DESKTOP-HOFS7QA" failures="0" tests="2" name="com.Tests.NewTest2" time="0.004" errors="0" timestamp="2023-10-28T15:55:53 IST" skipped="0">
  <testcase classname="com.Tests.NewTest2" name="test4" time="0.002"/>
  <system-out/>
  <testcase classname="com.Tests.NewTest2" name="test5" time="0.002"/>
  <system-out/>
</testsuite> <!-- com.Tests.NewTest2 -->
